Using pre-set license
Built from '2020.3/staging' branch; Version is '2020.3.0f1 (c7b5465681fb) revision 13088070'; Using compiler version '192528614'; Build Type 'Release'
OS: 'Windows 10 Home; OS build 19041.985; Version 2004; 64bit' Language: 'pl' Physical Memory: 16332 MB
BatchMode: 1, IsHumanControllingUs: 0, StartBugReporterOnCrash: 0, Is64bit: 1, IsPro: 0

 COMMAND LINE ARGUMENTS:
D:\dokumenty\pulpit\Nowy folder\semert 6\unity\2020.3.0f1\Editor\Unity.exe
-adb2
-batchMode
-noUpm
-name
AssetImportWorker0
-projectPath
D:/dokumenty/pulpit/Nowy folder/semert 6/gra/v1/Wooden Bible Orchestra
-logFile
Logs/AssetImportWorker0.log
-srvPort
63171
Successfully changed project path to: D:/dokumenty/pulpit/Nowy folder/semert 6/gra/v1/Wooden Bible Orchestra
D:/dokumenty/pulpit/Nowy folder/semert 6/gra/v1/Wooden Bible Orchestra
Using Asset Import Pipeline V2.
Refreshing native plugins compatible for Editor in 31.84 ms, found 1 plugins.
Preloading 0 native plugins for Editor in 0.00 ms.
Initialize engine version: 2020.3.0f1 (c7b5465681fb)
[Subsystems] Discovering subsystems at path D:/dokumenty/pulpit/Nowy folder/semert 6/unity/2020.3.0f1/Editor/Data/Resources/UnitySubsystems
[Subsystems] Discovering subsystems at path D:/dokumenty/pulpit/Nowy folder/semert 6/gra/v1/Wooden Bible Orchestra/Assets
GfxDevice: creating device client; threaded=0
Direct3D:
    Version:  Direct3D 11.0 [level 11.1]
    Renderer: NVIDIA GeForce RTX 2060 SUPER (ID=0x1f06)
    Vendor:   
    VRAM:     8031 MB
    Driver:   27.21.14.6079
Initialize mono
Mono path[0] = 'D:/dokumenty/pulpit/Nowy folder/semert 6/unity/2020.3.0f1/Editor/Data/Managed'
Mono path[1] = 'D:/dokumenty/pulpit/Nowy folder/semert 6/unity/2020.3.0f1/Editor/Data/MonoBleedingEdge/lib/mono/unityjit'
Mono config path = 'D:/dokumenty/pulpit/Nowy folder/semert 6/unity/2020.3.0f1/Editor/Data/MonoBleedingEdge/etc'
Using monoOptions --debugger-agent=transport=dt_socket,embedding=1,server=y,suspend=n,address=127.0.0.1:56280
Begin MonoManager ReloadAssembly
Registering precompiled unity dll's ...
Register platform support module: D:/dokumenty/pulpit/Nowy folder/semert 6/unity/2020.3.0f1/Editor/Data/PlaybackEngines/WindowsStandaloneSupport/UnityEditor.WindowsStandalone.Extensions.dll
Registered in 0.000849 seconds.
Native extension for WindowsStandalone target not found
Refreshing native plugins compatible for Editor in 32.02 ms, found 1 plugins.
Preloading 0 native plugins for Editor in 0.00 ms.
Invoked RoslynAnalysisRunner static constructor.
RoslynAnalysisRunner will not be running.
RoslynAnalysisRunner has terminated.
Mono: successfully reloaded assembly
- Completed reload, in  1.149 seconds
Platform modules already initialized, skipping
Registering precompiled user dll's ...
Registered in 0.000488 seconds.
Begin MonoManager ReloadAssembly
Native extension for WindowsStandalone target not found
Refreshing native plugins compatible for Editor in 31.86 ms, found 1 plugins.
Preloading 0 native plugins for Editor in 0.00 ms.
Invoked RoslynAnalysisRunner static constructor.
RoslynAnalysisRunner will not be running.
RoslynAnalysisRunner has terminated.
Mono: successfully reloaded assembly
- Completed reload, in  0.728 seconds
Platform modules already initialized, skipping
========================================================================
Worker process is ready to serve import requests
Launched and connected shader compiler UnityShaderCompiler.exe after 0.03 seconds
Refreshing native plugins compatible for Editor in 0.37 ms, found 1 plugins.
Preloading 0 native plugins for Editor in 0.00 ms.
Unloading 1811 Unused Serialized files (Serialized files now loaded: 0)
System memory in use before: 84.8 MB.
System memory in use after: 84.8 MB.

Unloading 23 unused Assets to reduce memory usage. Loaded Objects now: 2255.
Total: 1.961600 ms (FindLiveObjects: 0.286900 ms CreateObjectMapping: 0.040800 ms MarkObjects: 1.530800 ms  DeleteObjects: 0.102000 ms)

========================================================================
Received Import Request.
  path: Assets/prefab/normal 1.prefab
  artifactKey: Guid(acda66c044a13624dbbe9067f97de645) Importer(815301076,1909f56bfc062723c751e8b465ee728b)
Start importing Assets/prefab/normal 1.prefab using Guid(acda66c044a13624dbbe9067f97de645) Importer(815301076,1909f56bfc062723c751e8b465ee728b)  -> (artifact id: '0cc844c7f8ffba02ce6500205d994580') in 0.070761 seconds
  Import took 0.073275 seconds .

========================================================================
Received Import Request.
  Time since last request: 3.397534 seconds.
  path: Assets/prefab/normal 2.prefab
  artifactKey: Guid(d80e71be6c756934180b5ae6445b3bf6) Importer(815301076,1909f56bfc062723c751e8b465ee728b)
Start importing Assets/prefab/normal 2.prefab using Guid(d80e71be6c756934180b5ae6445b3bf6) Importer(815301076,1909f56bfc062723c751e8b465ee728b)  -> (artifact id: '115516795ddaf8f96c93f1d46556149d') in 0.011970 seconds
  Import took 0.014966 seconds .

========================================================================
Received Import Request.
  Time since last request: 0.000185 seconds.
  path: Assets/prefab/Wood man 1.prefab
  artifactKey: Guid(60ed58aac08dcdc4b949f7881911cac3) Importer(815301076,1909f56bfc062723c751e8b465ee728b)
Start importing Assets/prefab/Wood man 1.prefab using Guid(60ed58aac08dcdc4b949f7881911cac3) Importer(815301076,1909f56bfc062723c751e8b465ee728b)  -> (artifact id: 'f06eabaae10b1c4f96867f7cdc669ea2') in 0.005479 seconds
  Import took 0.008628 seconds .

========================================================================
Received Import Request.
  Time since last request: 0.000207 seconds.
  path: Assets/prefab/Trap1.prefab
  artifactKey: Guid(37e35f9a1f68c4449afcaa836ee59bd4) Importer(815301076,1909f56bfc062723c751e8b465ee728b)
Start importing Assets/prefab/Trap1.prefab using Guid(37e35f9a1f68c4449afcaa836ee59bd4) Importer(815301076,1909f56bfc062723c751e8b465ee728b)  -> (artifact id: 'c34bffa85f9c8884eca1b88e03fff626') in 0.006837 seconds
  Import took 0.009630 seconds .

========================================================================
Received Import Request.
  Time since last request: 0.000251 seconds.
  path: Assets/prefab/Wood man 2.prefab
  artifactKey: Guid(be04a00750329ae4fb7e93ef25ec3b46) Importer(815301076,1909f56bfc062723c751e8b465ee728b)
Start importing Assets/prefab/Wood man 2.prefab using Guid(be04a00750329ae4fb7e93ef25ec3b46) Importer(815301076,1909f56bfc062723c751e8b465ee728b)  -> (artifact id: '4d729ff5f4efa98f78cf9f2c2df103bb') in 0.011949 seconds
  Import took 0.015336 seconds .

========================================================================
Received Import Request.
  Time since last request: 0.000162 seconds.
  path: Assets/prefab/wood nogi.prefab
  artifactKey: Guid(4a48fdb05340157499487aa68d4930b2) Importer(815301076,1909f56bfc062723c751e8b465ee728b)
Start importing Assets/prefab/wood nogi.prefab using Guid(4a48fdb05340157499487aa68d4930b2) Importer(815301076,1909f56bfc062723c751e8b465ee728b)  -> (artifact id: 'c92c0ae8b9da75dc606700355a38fb71') in 0.006140 seconds
  Import took 0.009092 seconds .

========================================================================
Received Import Request.
  Time since last request: 0.000232 seconds.
  path: Assets/prefab/wood reka man4.prefab
  artifactKey: Guid(a3401a5da66362844bfbd22bac6d0c5e) Importer(815301076,1909f56bfc062723c751e8b465ee728b)
Start importing Assets/prefab/wood reka man4.prefab using Guid(a3401a5da66362844bfbd22bac6d0c5e) Importer(815301076,1909f56bfc062723c751e8b465ee728b)  -> (artifact id: '0e025761e027855c8646d3538b5dca89') in 0.005126 seconds
  Import took 0.008060 seconds .

AssetImportWorkerClient::OnTransportError - code=2 error=End of file
