Using pre-set license
Built from '2020.3/staging' branch; Version is '2020.3.0f1 (c7b5465681fb) revision 13088070'; Using compiler version '192528614'; Build Type 'Release'
OS: 'Windows 10 Home; OS build 19041.928; Version 2004; 64bit' Language: 'pl' Physical Memory: 16332 MB
BatchMode: 1, IsHumanControllingUs: 0, StartBugReporterOnCrash: 0, Is64bit: 1, IsPro: 0

 COMMAND LINE ARGUMENTS:
D:\dokumenty\pulpit\Nowy folder\semert 6\unity\2020.3.0f1\Editor\Unity.exe
-adb2
-batchMode
-noUpm
-name
AssetImportWorker1
-projectPath
D:/dokumenty/pulpit/Nowy folder/semert 6/gra/v1/Wooden Bible Orchestra
-logFile
Logs/AssetImportWorker1.log
-srvPort
56894
Successfully changed project path to: D:/dokumenty/pulpit/Nowy folder/semert 6/gra/v1/Wooden Bible Orchestra
D:/dokumenty/pulpit/Nowy folder/semert 6/gra/v1/Wooden Bible Orchestra
Using Asset Import Pipeline V2.
Refreshing native plugins compatible for Editor in 31.27 ms, found 1 plugins.
Preloading 0 native plugins for Editor in 0.00 ms.
Initialize engine version: 2020.3.0f1 (c7b5465681fb)
[Subsystems] Discovering subsystems at path D:/dokumenty/pulpit/Nowy folder/semert 6/unity/2020.3.0f1/Editor/Data/Resources/UnitySubsystems
[Subsystems] Discovering subsystems at path D:/dokumenty/pulpit/Nowy folder/semert 6/gra/v1/Wooden Bible Orchestra/Assets
GfxDevice: creating device client; threaded=0
Direct3D:
    Version:  Direct3D 11.0 [level 11.1]
    Renderer: NVIDIA GeForce RTX 2060 SUPER (ID=0x1f06)
    Vendor:   
    VRAM:     8031 MB
    Driver:   27.21.14.6079
Initialize mono
Mono path[0] = 'D:/dokumenty/pulpit/Nowy folder/semert 6/unity/2020.3.0f1/Editor/Data/Managed'
Mono path[1] = 'D:/dokumenty/pulpit/Nowy folder/semert 6/unity/2020.3.0f1/Editor/Data/MonoBleedingEdge/lib/mono/unityjit'
Mono config path = 'D:/dokumenty/pulpit/Nowy folder/semert 6/unity/2020.3.0f1/Editor/Data/MonoBleedingEdge/etc'
Using monoOptions --debugger-agent=transport=dt_socket,embedding=1,server=y,suspend=n,address=127.0.0.1:56060
Begin MonoManager ReloadAssembly
Registering precompiled unity dll's ...
Register platform support module: D:/dokumenty/pulpit/Nowy folder/semert 6/unity/2020.3.0f1/Editor/Data/PlaybackEngines/WindowsStandaloneSupport/UnityEditor.WindowsStandalone.Extensions.dll
Registered in 0.000873 seconds.
Native extension for WindowsStandalone target not found
Refreshing native plugins compatible for Editor in 31.29 ms, found 1 plugins.
Preloading 0 native plugins for Editor in 0.00 ms.
Invoked RoslynAnalysisRunner static constructor.
RoslynAnalysisRunner will not be running.
RoslynAnalysisRunner has terminated.
Mono: successfully reloaded assembly
- Completed reload, in  1.977 seconds
Platform modules already initialized, skipping
Registering precompiled user dll's ...
Registered in 0.000500 seconds.
Begin MonoManager ReloadAssembly
Native extension for WindowsStandalone target not found
Refreshing native plugins compatible for Editor in 31.82 ms, found 1 plugins.
Preloading 0 native plugins for Editor in 0.00 ms.
Invoked RoslynAnalysisRunner static constructor.
RoslynAnalysisRunner will not be running.
RoslynAnalysisRunner has terminated.
Mono: successfully reloaded assembly
- Completed reload, in  0.725 seconds
Platform modules already initialized, skipping
========================================================================
Worker process is ready to serve import requests
Launched and connected shader compiler UnityShaderCompiler.exe after 0.07 seconds
Refreshing native plugins compatible for Editor in 0.35 ms, found 1 plugins.
Preloading 0 native plugins for Editor in 0.00 ms.
Unloading 1811 Unused Serialized files (Serialized files now loaded: 0)
System memory in use before: 84.8 MB.
System memory in use after: 84.7 MB.

Unloading 24 unused Assets to reduce memory usage. Loaded Objects now: 2254.
Total: 2.104700 ms (FindLiveObjects: 0.189200 ms CreateObjectMapping: 0.047100 ms MarkObjects: 1.751700 ms  DeleteObjects: 0.115500 ms)

========================================================================
Received Import Request.
  path: Assets/Spirte/Lewy.png
  artifactKey: Guid(a7812366a6b3c1f40801888d2afd633a) Importer(815301076,1909f56bfc062723c751e8b465ee728b)
Start importing Assets/Spirte/Lewy.png using Guid(a7812366a6b3c1f40801888d2afd633a) Importer(815301076,1909f56bfc062723c751e8b465ee728b)  -> (artifact id: '409195c94864a67a10cdb0943ffd82cb') in 0.120332 seconds
  Import took 0.122875 seconds .

========================================================================
Received Import Request.
  Time since last request: 11.704346 seconds.
  path: Assets/Spirte/Lewy.png
  artifactKey: Guid(a7812366a6b3c1f40801888d2afd633a) Importer(815301076,1909f56bfc062723c751e8b465ee728b)
Start importing Assets/Spirte/Lewy.png using Guid(a7812366a6b3c1f40801888d2afd633a) Importer(815301076,1909f56bfc062723c751e8b465ee728b)  -> (artifact id: '25e2f67f3c0b297a54046f1e8a3d37c7') in 0.005912 seconds
  Import took 0.008613 seconds .

========================================================================
Received Import Request.
  Time since last request: 11.819646 seconds.
  path: Assets/Spirte/Lewy.png
  artifactKey: Guid(a7812366a6b3c1f40801888d2afd633a) Importer(815301076,1909f56bfc062723c751e8b465ee728b)
Start importing Assets/Spirte/Lewy.png using Guid(a7812366a6b3c1f40801888d2afd633a) Importer(815301076,1909f56bfc062723c751e8b465ee728b)  -> (artifact id: 'bf7c98b02e149240a6055ee533d2456d') in 0.027116 seconds
  Import took 0.029696 seconds .

========================================================================
Received Import Request.
  Time since last request: 14.372395 seconds.
  path: Assets/Spirte/Prawy.png
  artifactKey: Guid(59a0f3a7572e3b54b817cc88595f83f5) Importer(815301076,1909f56bfc062723c751e8b465ee728b)
Start importing Assets/Spirte/Prawy.png using Guid(59a0f3a7572e3b54b817cc88595f83f5) Importer(815301076,1909f56bfc062723c751e8b465ee728b)  -> (artifact id: '9bff23e3dee95ccbac070db37c07a5fa') in 0.012791 seconds
  Import took 0.015453 seconds .

========================================================================
Received Prepare
Registering precompiled user dll's ...
Registered in 0.000648 seconds.
Begin MonoManager ReloadAssembly
Native extension for WindowsStandalone target not found
Refreshing native plugins compatible for Editor in 0.33 ms, found 1 plugins.
Preloading 0 native plugins for Editor in 0.00 ms.
Invoked RoslynAnalysisRunner static constructor.
RoslynAnalysisRunner will not be running.
RoslynAnalysisRunner has terminated.
Mono: successfully reloaded assembly
- Completed reload, in  0.661 seconds
Platform modules already initialized, skipping
Switching build target platform(5) subTarget(0) extendedPlatform(0) -> platform(13) subTarget(537395200) extendedPlatform(0)
Refreshing native plugins compatible for Editor in 0.42 ms, found 1 plugins.
Preloading 0 native plugins for Editor in 0.00 ms.
Unloading 1809 Unused Serialized files (Serialized files now loaded: 0)
System memory in use before: 87.8 MB.
System memory in use after: 87.8 MB.

Unloading 12 unused Assets to reduce memory usage. Loaded Objects now: 2264.
Total: 1.847300 ms (FindLiveObjects: 0.179100 ms CreateObjectMapping: 0.040200 ms MarkObjects: 1.521200 ms  DeleteObjects: 0.105800 ms)

AssetImportParameters requested are different than current active one (requested -> active):
  custom:graphics/normal-map-encoding: 01000000000000000000000000000000 -> 02000000000000000000000000000000
========================================================================
Received Import Request.
  Time since last request: 20.622535 seconds.
  path: Assets/prefab/Lewy.prefab
  artifactKey: Guid(8e8cbe087bf3400408eb97a2675a43e6) Importer(815301076,1909f56bfc062723c751e8b465ee728b)
Start importing Assets/prefab/Lewy.prefab using Guid(8e8cbe087bf3400408eb97a2675a43e6) Importer(815301076,1909f56bfc062723c751e8b465ee728b)  -> (artifact id: '4c13a2a45c8785aa04cf9159cc507ecf') in 0.048573 seconds
  Import took 0.051223 seconds .

========================================================================
Received Import Request.
  Time since last request: 2.073551 seconds.
  path: Assets/prefab/Lewy.prefab
  artifactKey: Guid(8e8cbe087bf3400408eb97a2675a43e6) Importer(815301076,1909f56bfc062723c751e8b465ee728b)
Start importing Assets/prefab/Lewy.prefab using Guid(8e8cbe087bf3400408eb97a2675a43e6) Importer(815301076,1909f56bfc062723c751e8b465ee728b)  -> (artifact id: '969a612bb1420f752ce2b6db7960fb52') in 0.010094 seconds
  Import took 0.012956 seconds .

========================================================================
Received Import Request.
  Time since last request: 3.011359 seconds.
  path: Assets/prefab/Lewy.prefab
  artifactKey: Guid(8e8cbe087bf3400408eb97a2675a43e6) Importer(815301076,1909f56bfc062723c751e8b465ee728b)
Start importing Assets/prefab/Lewy.prefab using Guid(8e8cbe087bf3400408eb97a2675a43e6) Importer(815301076,1909f56bfc062723c751e8b465ee728b)  -> (artifact id: 'ee50b56ee6421b7c2b636db2e1c2c77f') in 0.005779 seconds
  Import took 0.008849 seconds .

========================================================================
Received Import Request.
  Time since last request: 3.609655 seconds.
  path: Assets/prefab/Lewy.prefab
  artifactKey: Guid(8e8cbe087bf3400408eb97a2675a43e6) Importer(815301076,1909f56bfc062723c751e8b465ee728b)
Start importing Assets/prefab/Lewy.prefab using Guid(8e8cbe087bf3400408eb97a2675a43e6) Importer(815301076,1909f56bfc062723c751e8b465ee728b)  -> (artifact id: '33d7ec9d144e46acf9b3b2e676804de4') in 0.010008 seconds
  Import took 0.012716 seconds .

========================================================================
Received Import Request.
  Time since last request: 7.660150 seconds.
  path: Assets/prefab/Prawy.prefab
  artifactKey: Guid(b499b3a260c015f429db3f9bb9cd91a9) Importer(815301076,1909f56bfc062723c751e8b465ee728b)
Start importing Assets/prefab/Prawy.prefab using Guid(b499b3a260c015f429db3f9bb9cd91a9) Importer(815301076,1909f56bfc062723c751e8b465ee728b)  -> (artifact id: '24ef75465d57267572f5d93bd1c81d37') in 0.009517 seconds
  Import took 0.012176 seconds .

========================================================================
Received Import Request.
  Time since last request: 4.492173 seconds.
  path: Assets/prefab/Prawy.prefab
  artifactKey: Guid(b499b3a260c015f429db3f9bb9cd91a9) Importer(815301076,1909f56bfc062723c751e8b465ee728b)
Start importing Assets/prefab/Prawy.prefab using Guid(b499b3a260c015f429db3f9bb9cd91a9) Importer(815301076,1909f56bfc062723c751e8b465ee728b)  -> (artifact id: 'aa3e5f4bea4b06134fe185c08e071db9') in 0.006406 seconds
  Import took 0.009219 seconds .

========================================================================
Received Import Request.
  Time since last request: 5.051760 seconds.
  path: Assets/prefab/Prawy.prefab
  artifactKey: Guid(b499b3a260c015f429db3f9bb9cd91a9) Importer(815301076,1909f56bfc062723c751e8b465ee728b)
Start importing Assets/prefab/Prawy.prefab using Guid(b499b3a260c015f429db3f9bb9cd91a9) Importer(815301076,1909f56bfc062723c751e8b465ee728b)  -> (artifact id: '998a25cf3dbb89060eaa0736040513f5') in 0.008957 seconds
  Import took 0.011670 seconds .

========================================================================
Received Prepare
Registering precompiled user dll's ...
Registered in 0.000877 seconds.
Begin MonoManager ReloadAssembly
Native extension for WindowsStandalone target not found
Refreshing native plugins compatible for Editor in 0.33 ms, found 1 plugins.
Preloading 0 native plugins for Editor in 0.00 ms.
Invoked RoslynAnalysisRunner static constructor.
RoslynAnalysisRunner will not be running.
RoslynAnalysisRunner has terminated.
Mono: successfully reloaded assembly
- Completed reload, in  0.659 seconds
Platform modules already initialized, skipping
Switching build target platform(5) subTarget(0) extendedPlatform(0) -> platform(13) subTarget(537395200) extendedPlatform(0)
Refreshing native plugins compatible for Editor in 0.34 ms, found 1 plugins.
Preloading 0 native plugins for Editor in 0.00 ms.
Unloading 1809 Unused Serialized files (Serialized files now loaded: 0)
System memory in use before: 87.9 MB.
System memory in use after: 87.9 MB.

Unloading 12 unused Assets to reduce memory usage. Loaded Objects now: 2273.
Total: 1.876700 ms (FindLiveObjects: 0.212600 ms CreateObjectMapping: 0.045300 ms MarkObjects: 1.514600 ms  DeleteObjects: 0.103400 ms)

AssetImportParameters requested are different than current active one (requested -> active):
  custom:graphics/normal-map-encoding: 01000000000000000000000000000000 -> 02000000000000000000000000000000
========================================================================
Received Prepare
Registering precompiled user dll's ...
Registered in 0.000607 seconds.
Begin MonoManager ReloadAssembly
Native extension for WindowsStandalone target not found
Refreshing native plugins compatible for Editor in 0.34 ms, found 1 plugins.
Preloading 0 native plugins for Editor in 0.00 ms.
Invoked RoslynAnalysisRunner static constructor.
RoslynAnalysisRunner will not be running.
RoslynAnalysisRunner has terminated.
Mono: successfully reloaded assembly
- Completed reload, in  0.662 seconds
Platform modules already initialized, skipping
Switching build target platform(5) subTarget(0) extendedPlatform(0) -> platform(13) subTarget(537395200) extendedPlatform(0)
Refreshing native plugins compatible for Editor in 0.26 ms, found 1 plugins.
Preloading 0 native plugins for Editor in 0.00 ms.
Unloading 1809 Unused Serialized files (Serialized files now loaded: 0)
System memory in use before: 87.9 MB.
System memory in use after: 87.9 MB.

Unloading 12 unused Assets to reduce memory usage. Loaded Objects now: 2277.
Total: 2.142200 ms (FindLiveObjects: 0.277600 ms CreateObjectMapping: 0.040800 ms MarkObjects: 1.718700 ms  DeleteObjects: 0.103500 ms)

AssetImportParameters requested are different than current active one (requested -> active):
  custom:graphics/normal-map-encoding: 01000000000000000000000000000000 -> 02000000000000000000000000000000
========================================================================
Received Prepare
Registering precompiled user dll's ...
Registered in 0.000881 seconds.
Begin MonoManager ReloadAssembly
Native extension for WindowsStandalone target not found
Refreshing native plugins compatible for Editor in 0.35 ms, found 1 plugins.
Preloading 0 native plugins for Editor in 0.00 ms.
Invoked RoslynAnalysisRunner static constructor.
RoslynAnalysisRunner will not be running.
RoslynAnalysisRunner has terminated.
Mono: successfully reloaded assembly
- Completed reload, in  0.688 seconds
Platform modules already initialized, skipping
Switching build target platform(5) subTarget(0) extendedPlatform(0) -> platform(13) subTarget(537395200) extendedPlatform(0)
Refreshing native plugins compatible for Editor in 0.31 ms, found 1 plugins.
Preloading 0 native plugins for Editor in 0.00 ms.
Unloading 1809 Unused Serialized files (Serialized files now loaded: 0)
System memory in use before: 87.9 MB.
System memory in use after: 87.9 MB.

Unloading 12 unused Assets to reduce memory usage. Loaded Objects now: 2281.
Total: 1.737100 ms (FindLiveObjects: 0.139700 ms CreateObjectMapping: 0.039600 ms MarkObjects: 1.450700 ms  DeleteObjects: 0.106400 ms)

AssetImportParameters requested are different than current active one (requested -> active):
  custom:graphics/normal-map-encoding: 01000000000000000000000000000000 -> 02000000000000000000000000000000
========================================================================
Received Import Request.
  Time since last request: 589.619413 seconds.
  path: Assets/script/falling.cs
  artifactKey: Guid(63004069c6ca7fa4ea61f813f0acd82d) Importer(815301076,1909f56bfc062723c751e8b465ee728b)
Start importing Assets/script/falling.cs using Guid(63004069c6ca7fa4ea61f813f0acd82d) Importer(815301076,1909f56bfc062723c751e8b465ee728b)  -> (artifact id: '95fbbe5d3ee32e2b869b8db049339a55') in 0.011680 seconds
  Import took 0.014288 seconds .

========================================================================
Received Import Request.
  Time since last request: 1634.800012 seconds.
  path: Assets/Scenes/main scene.unity
  artifactKey: Guid(2cda990e2423bbf4892e6590ba056729) Importer(815301076,1909f56bfc062723c751e8b465ee728b)
Start importing Assets/Scenes/main scene.unity using Guid(2cda990e2423bbf4892e6590ba056729) Importer(815301076,1909f56bfc062723c751e8b465ee728b)  -> (artifact id: '0cb2292c4746e837b3cb41781c68b8b8') in 0.011891 seconds
  Import took 0.014874 seconds .

========================================================================
Received Import Request.
  Time since last request: 1.836354 seconds.
  path: Assets/Scenes
  artifactKey: Guid(bf81d67933f77554cb8d48c3d978d60d) Importer(815301076,1909f56bfc062723c751e8b465ee728b)
Start importing Assets/Scenes using Guid(bf81d67933f77554cb8d48c3d978d60d) Importer(815301076,1909f56bfc062723c751e8b465ee728b)  -> (artifact id: '69da46cc31d3fb4db2487e3e67f61a13') in 0.005363 seconds
  Import took 0.007902 seconds .

========================================================================
Received Prepare
Registering precompiled user dll's ...
Registered in 0.000552 seconds.
Begin MonoManager ReloadAssembly
Native extension for WindowsStandalone target not found
Refreshing native plugins compatible for Editor in 0.34 ms, found 1 plugins.
Preloading 0 native plugins for Editor in 0.00 ms.
Invoked RoslynAnalysisRunner static constructor.
RoslynAnalysisRunner will not be running.
RoslynAnalysisRunner has terminated.
Mono: successfully reloaded assembly
- Completed reload, in  0.662 seconds
Platform modules already initialized, skipping
Switching build target platform(5) subTarget(0) extendedPlatform(0) -> platform(13) subTarget(537395200) extendedPlatform(0)
Refreshing native plugins compatible for Editor in 0.40 ms, found 1 plugins.
Preloading 0 native plugins for Editor in 0.00 ms.
Unloading 1809 Unused Serialized files (Serialized files now loaded: 0)
System memory in use before: 88.0 MB.
System memory in use after: 87.9 MB.

Unloading 12 unused Assets to reduce memory usage. Loaded Objects now: 2285.
Total: 2.016000 ms (FindLiveObjects: 0.236400 ms CreateObjectMapping: 0.041400 ms MarkObjects: 1.624000 ms  DeleteObjects: 0.113200 ms)

AssetImportParameters requested are different than current active one (requested -> active):
  custom:graphics/normal-map-encoding: 01000000000000000000000000000000 -> 02000000000000000000000000000000
AssetImportWorkerClient::OnTransportError - code=2 error=End of file
